<?xml version="1.0" encoding="UTF-8"?>
<!-- Generated by org.testng.reporters.JUnitXMLReporter -->
<testsuite ignored="0" hostname="DESKTOP-R0LQ317" failures="0" tests="5" name="Default test" time="84.413" errors="0" timestamp="2024-07-30T14:20:32 IST">
  <testcase classname="ExtentReports.FooterDws" name="digitalDownload" time="4.524"/>
  <testcase classname="ExtentReports.FooterDws" name="facebook" time="21.273"/>
  <testcase classname="ExtentReports.FooterDws" name="gifts" time="16.91"/>
  <testcase classname="ExtentReports.FooterDws" name="rssLink" time="8.037"/>
  <testcase classname="ExtentReports.FooterDws" name="twitter" time="12.919"/>
</testsuite> <!-- Default test -->
