<?xml version="1.0" encoding="UTF-8"?>
<!-- Generated by org.testng.reporters.JUnitXMLReporter -->
<testsuite ignored="0" hostname="DESKTOP-R0LQ317" failures="0" tests="5" name="Test" time="123.774" errors="0" timestamp="2024-07-20T11:07:43 IST">
  <testcase classname="TestNgShoes.Ktm" name="ktm" time="18.842"/>
  <testcase classname="TestNGWatches.Noise" name="noise" time="10.472"/>
  <testcase classname="TestNgShoes.Activa" name="activa" time="25.341"/>
  <testcase classname="TestNGWatches.Titan" name="titan" time="49.371"/>
  <testcase classname="TestNGWatches.Watch" name="maxima" time="19.556"/>
</testsuite> <!-- Test -->
